{
  "RSpec": {
    "coverage": {
      "/Users/ben/Desktop/IT Portfolio/MAKERS/COURSE/Week05/Bowling_Scorecard/spec/scorecard_spec.rb": {
        "lines": [
          1,
          null,
          1,
          null,
          1,
          null,
          null,
          null,
          null,
          null,
          null,
          null,
          null,
          null,
          null,
          null,
          null,
          null,
          null,
          null,
          null,
          null,
          null,
          null,
          null,
          null,
          null,
          null,
          1,
          null,
          null,
          null,
          null,
          null,
          null,
          null,
          null,
          null,
          null,
          null,
          null,
          null,
          null,
          null,
          null,
          null,
          null,
          null,
          null,
          null,
          null,
          null,
          null,
          1,
          null,
          1,
          1,
          null,
          null,
          1,
          1,
          1,
          10,
          10,
          10,
          null,
          null,
          null,
          null,
          1,
          null,
          1,
          1,
          null,
          null,
          1,
          null,
          1,
          1,
          1,
          1,
          null,
          null,
          1,
          1,
          1,
          1,
          null,
          null,
          null,
          1,
          1,
          1,
          1,
          1,
          1,
          null,
          null,
          null,
          1,
          1,
          1,
          1,
          1,
          1,
          null,
          null,
          null,
          1,
          1,
          1,
          1,
          1,
          1,
          1,
          1,
          null,
          null,
          null,
          null,
          1,
          1,
          1,
          1,
          2,
          null,
          null,
          1,
          1,
          1,
          2,
          null,
          null,
          null,
          null,
          null,
          null,
          null
        ]
      },
      "/Users/ben/Desktop/IT Portfolio/MAKERS/COURSE/Week05/Bowling_Scorecard/lib/scorecard.rb": {
        "lines": [
          1,
          null,
          1,
          10,
          10,
          10,
          100,
          null,
          null,
          null,
          null,
          null,
          null,
          null,
          null,
          null,
          null,
          1,
          7,
          70,
          70,
          70,
          70,
          23,
          23,
          null,
          47,
          47,
          null,
          null,
          47,
          47,
          22,
          null,
          47,
          47,
          null,
          null,
          null,
          1,
          2,
          null,
          null,
          null,
          2,
          20,
          20,
          20,
          20,
          20,
          20,
          20,
          20,
          null,
          null,
          null,
          1,
          20,
          3,
          3,
          17,
          3,
          null,
          null,
          null,
          1,
          3,
          0,
          0,
          null,
          null,
          null,
          1,
          null
        ]
      }
    },
    "timestamp": 1604149536
  }
}
